Drill report for Rhapsody_IQ.kicad_pcb
Created on sob, 11 lis 2023, 12:02:05

Copper Layer Stackup:
    =============================================================
    L1 :  F.Cu                      front
    L2 :  B.Cu                      back


Drill file 'Rhapsody_IQ-PTH.drl' contains
    plated through holes:
    =============================================================
    T1  0,400mm  0,0157"  (776 holes)
    T2  0,600mm  0,0236"  (9 holes)
    T3  0,762mm  0,0300"  (10 holes)
    T4  0,800mm  0,0315"  (5 holes)
    T5  3,200mm  0,1260"  (4 holes)

    Total plated holes count 804


Drill file 'Rhapsody_IQ-NPTH.drl' contains
    unplated through holes:
    =============================================================
    T1  1,700mm  0,0669"  (4 holes)

    Total unplated holes count 4
